This file contains any messages produced by compilers while
running configure, to aid debugging if configure makes a mistake.

It was created by speexdsp configure 1.2rc3, which was
generated by GNU Autoconf 2.69.  Invocation command line was

  $ ./configure CC=/Users/Eric/Library/Android/android-ndk/toolchains/arm-linux-androideabi-4.8/prebuilt/darwin-x86_64/bin/arm-linux-androideabi-gcc

## --------- ##
## Platform. ##
## --------- ##

hostname = Erics-MBP.local
uname -m = x86_64
uname -r = 15.2.0
uname -s = Darwin
uname -v = Darwin Kernel Version 15.2.0: Fri Nov 13 19:56:56 PST 2015; root:xnu-3248.20.55~2/RELEASE_X86_64

/usr/bin/uname -p = i386
/bin/uname -X     = unknown

/bin/arch              = unknown
/usr/bin/arch -k       = unknown
/usr/convex/getsysinfo = unknown
/usr/bin/hostinfo      = Mach kernel version:
	 Darwin Kernel Version 15.2.0: Fri Nov 13 19:56:56 PST 2015; root:xnu-3248.20.55~2/RELEASE_X86_64
Kernel configured for up to 4 processors.
2 processors are physically available.
4 processors are logically available.
Processor type: x86_64h (Intel x86-64h Haswell)
Processors active: 0 1 2 3
Primary memory available: 8.00 gigabytes
Default processor set: 269 tasks, 1348 threads, 4 processors
Load average: 1.76, Mach factor: 2.23
/bin/machine           = unknown
/usr/bin/oslevel       = unknown
/bin/universe          = unknown

PATH: /Users/Eric/bin
PATH: /usr/local/sbin
PATH: /usr/local/opt/nvm/versions/node/v4.1.2/bin
PATH: /Users/Eric/Developer/depot_tools
PATH: /Applications/XAMPP/xamppfiles/bin
PATH: /usr/local/bin
PATH: /usr/bin
PATH: /bin
PATH: /usr/sbin
PATH: /sbin
PATH: /Users/Eric/Developer/Go/bin
PATH: /usr/local/opt/go/libexec/bin
PATH: /Users/Eric/Library/Android/sdk/tools
PATH: /Users/Eric/Library/Android/sdk/platform-tools
PATH: /Users/Eric/Library/Android/android-ndk
PATH: /Library/Frameworks/Python.framework/Versions/2.7/bin


## ----------- ##
## Core tests. ##
## ----------- ##

configure:2473: checking whether make supports nested variables
configure:2490: result: yes
configure:2557: checking for a BSD-compatible install
configure:2625: result: /usr/bin/install -c
configure:2636: checking whether build environment is sane
configure:2691: result: yes
configure:2842: checking for a thread-safe mkdir -p
configure:2881: result: ./install-sh -c -d
configure:2888: checking for gawk
configure:2918: result: no
configure:2888: checking for mawk
configure:2918: result: no
configure:2888: checking for nawk
configure:2918: result: no
configure:2888: checking for awk
configure:2904: found /usr/bin/awk
configure:2915: result: awk
configure:2926: checking whether make sets $(MAKE)
configure:2948: result: yes
configure:3073: checking whether to enable maintainer-specific portions of Makefiles
configure:3082: result: yes
configure:3100: checking build system type
configure:3114: result: x86_64-apple-darwin15.2.0
configure:3134: checking host system type
configure:3147: result: x86_64-apple-darwin15.2.0
configure:3516: checking how to print strings
configure:3543: result: printf
configure:3576: checking for style of include used by make
configure:3604: result: GNU
configure:3675: checking for gcc
configure:3702: result: /Users/Eric/Library/Android/android-ndk/toolchains/arm-linux-androideabi-4.8/prebuilt/darwin-x86_64/bin/arm-linux-androideabi-gcc
configure:3931: checking for C compiler version
configure:3940: /Users/Eric/Library/Android/android-ndk/toolchains/arm-linux-androideabi-4.8/prebuilt/darwin-x86_64/bin/arm-linux-androideabi-gcc --version >&5
arm-linux-androideabi-gcc (GCC) 4.8
Copyright (C) 2013 Free Software Foundation, Inc.
This is free software; see the source for copying conditions.  There is NO
warranty; not even for MERCHANTABILITY or FITNESS FOR A PARTICULAR PURPOSE.

configure:3951: $? = 0
configure:3940: /Users/Eric/Library/Android/android-ndk/toolchains/arm-linux-androideabi-4.8/prebuilt/darwin-x86_64/bin/arm-linux-androideabi-gcc -v >&5
Using built-in specs.
COLLECT_GCC=/Users/Eric/Library/Android/android-ndk/toolchains/arm-linux-androideabi-4.8/prebuilt/darwin-x86_64/bin/arm-linux-androideabi-gcc
COLLECT_LTO_WRAPPER=/Users/Eric/Developer/android-ndk-r10d/toolchains/arm-linux-androideabi-4.8/prebuilt/darwin-x86_64/bin/../libexec/gcc/arm-linux-androideabi/4.8/lto-wrapper
Target: arm-linux-androideabi
Configured with: /s/ndk-toolchain/src/build/../gcc/gcc-4.8/configure --prefix=/tmp/ndk-User/build/toolchain/prefix --target=arm-linux-androideabi --host=x86_64-apple-darwin --build=x86_64-apple-darwin --with-gnu-as --with-gnu-ld --enable-languages=c,c++ --with-gmp=/tmp/ndk-User/build/toolchain/temp-install --with-mpfr=/tmp/ndk-User/build/toolchain/temp-install --with-mpc=/tmp/ndk-User/build/toolchain/temp-install --with-cloog=/tmp/ndk-User/build/toolchain/temp-install --with-isl=/tmp/ndk-User/build/toolchain/temp-install --with-ppl=/tmp/ndk-User/build/toolchain/temp-install --disable-ppl-version-check --disable-cloog-version-check --disable-isl-version-check --enable-cloog-backend=isl --with-host-libstdcxx='-static-libgcc -lstdc++ -lm' --disable-libssp --enable-threads --disable-nls --disable-libmudflap --disable-libgomp --disable-libstdc__-v3 --disable-sjlj-exceptions --disable-shared --disable-tls --disable-libitm --with-float=soft --with-fpu=vfp --with-arch=armv5te --enable-target-optspace --enable-initfini-array --disable-nls --prefix=/tmp/ndk-User/build/toolchain/prefix --with-sysroot=/tmp/ndk-User/build/toolchain/prefix/sysroot --with-binutils-version=2.24 --with-mpfr-version=3.1.1 --with-mpc-version=1.0.1 --with-gmp-version=5.0.5 --with-gcc-version=4.8 --with-gdb-version=7.6 --with-python=/Users/User/mydroid/ndk/prebuilt/darwin-x86_64/bin/python-config.sh --with-gxx-include-dir=/tmp/ndk-User/build/toolchain/prefix/include/c++/4.8 --with-bugurl=http://source.android.com/source/report-bugs.html --enable-languages=c,c++ --disable-bootstrap --enable-plugins --enable-libgomp --disable-libsanitizer --enable-gold --enable-graphite=yes --with-cloog-version=0.18.0 --with-isl-version=0.11.1 --enable-eh-frame-hdr-for-static --with-arch=armv5te --program-transform-name='s&^&arm-linux-androideabi-&' --enable-gold=default
Thread model: posix
gcc version 4.8 (GCC) 
configure:3951: $? = 0
configure:3940: /Users/Eric/Library/Android/android-ndk/toolchains/arm-linux-androideabi-4.8/prebuilt/darwin-x86_64/bin/arm-linux-androideabi-gcc -V >&5
arm-linux-androideabi-gcc: error: unrecognized command line option '-V'
arm-linux-androideabi-gcc: fatal error: no input files
compilation terminated.
configure:3951: $? = 1
configure:3940: /Users/Eric/Library/Android/android-ndk/toolchains/arm-linux-androideabi-4.8/prebuilt/darwin-x86_64/bin/arm-linux-androideabi-gcc -qversion >&5
arm-linux-androideabi-gcc: error: unrecognized command line option '-qversion'
arm-linux-androideabi-gcc: fatal error: no input files
compilation terminated.
configure:3951: $? = 1
configure:3971: checking whether the C compiler works
configure:3993: /Users/Eric/Library/Android/android-ndk/toolchains/arm-linux-androideabi-4.8/prebuilt/darwin-x86_64/bin/arm-linux-androideabi-gcc    conftest.c  >&5
/Users/Eric/Developer/android-ndk-r10d/toolchains/arm-linux-androideabi-4.8/prebuilt/darwin-x86_64/bin/../lib/gcc/arm-linux-androideabi/4.8/../../../../arm-linux-androideabi/bin/ld: error: cannot open crtbegin_dynamic.o: No such file or directory
/Users/Eric/Developer/android-ndk-r10d/toolchains/arm-linux-androideabi-4.8/prebuilt/darwin-x86_64/bin/../lib/gcc/arm-linux-androideabi/4.8/../../../../arm-linux-androideabi/bin/ld: error: cannot open crtend_android.o: No such file or directory
/Users/Eric/Developer/android-ndk-r10d/toolchains/arm-linux-androideabi-4.8/prebuilt/darwin-x86_64/bin/../lib/gcc/arm-linux-androideabi/4.8/../../../../arm-linux-androideabi/bin/ld: error: cannot find -lc
/Users/Eric/Developer/android-ndk-r10d/toolchains/arm-linux-androideabi-4.8/prebuilt/darwin-x86_64/bin/../lib/gcc/arm-linux-androideabi/4.8/../../../../arm-linux-androideabi/bin/ld: error: cannot find -ldl
collect2: error: ld returned 1 exit status
configure:3997: $? = 1
configure:4035: result: no
configure: failed program was:
| /* confdefs.h */
| #define PACKAGE_NAME "speexdsp"
| #define PACKAGE_TARNAME "speexdsp"
| #define PACKAGE_VERSION "1.2rc3"
| #define PACKAGE_STRING "speexdsp 1.2rc3"
| #define PACKAGE_BUGREPORT "speex-dev@xiph.org"
| #define PACKAGE_URL ""
| /* end confdefs.h.  */
| 
| int
| main ()
| {
| 
|   ;
|   return 0;
| }
configure:4040: error: in `/Users/Eric/Downloads/ndk_speexdsp/jni/speexdsp-1.2rc3':
configure:4042: error: C compiler cannot create executables
See `config.log' for more details

## ---------------- ##
## Cache variables. ##
## ---------------- ##

ac_cv_build=x86_64-apple-darwin15.2.0
ac_cv_env_CC_set=set
ac_cv_env_CC_value=/Users/Eric/Library/Android/android-ndk/toolchains/arm-linux-androideabi-4.8/prebuilt/darwin-x86_64/bin/arm-linux-androideabi-gcc
ac_cv_env_CFLAGS_set=
ac_cv_env_CFLAGS_value=
ac_cv_env_CPPFLAGS_set=
ac_cv_env_CPPFLAGS_value=
ac_cv_env_CPP_set=
ac_cv_env_CPP_value=
ac_cv_env_FFT_CFLAGS_set=
ac_cv_env_FFT_CFLAGS_value=
ac_cv_env_FFT_LIBS_set=
ac_cv_env_FFT_LIBS_value=
ac_cv_env_LDFLAGS_set=
ac_cv_env_LDFLAGS_value=
ac_cv_env_LIBS_set=
ac_cv_env_LIBS_value=
ac_cv_env_PKG_CONFIG_LIBDIR_set=
ac_cv_env_PKG_CONFIG_LIBDIR_value=
ac_cv_env_PKG_CONFIG_PATH_set=
ac_cv_env_PKG_CONFIG_PATH_value=
ac_cv_env_PKG_CONFIG_set=
ac_cv_env_PKG_CONFIG_value=
ac_cv_env_build_alias_set=
ac_cv_env_build_alias_value=
ac_cv_env_host_alias_set=
ac_cv_env_host_alias_value=
ac_cv_env_target_alias_set=
ac_cv_env_target_alias_value=
ac_cv_host=x86_64-apple-darwin15.2.0
ac_cv_path_install='/usr/bin/install -c'
ac_cv_prog_AWK=awk
ac_cv_prog_ac_ct_CC=/Users/Eric/Library/Android/android-ndk/toolchains/arm-linux-androideabi-4.8/prebuilt/darwin-x86_64/bin/arm-linux-androideabi-gcc
ac_cv_prog_make_make_set=yes
am_cv_make_support_nested_variables=yes

## ----------------- ##
## Output variables. ##
## ----------------- ##

ACLOCAL='${SHELL} /Users/Eric/Downloads/ndk_speexdsp/jni/speexdsp-1.2rc3/missing aclocal-1.14'
AMDEPBACKSLASH='\'
AMDEP_FALSE='#'
AMDEP_TRUE=''
AMTAR='$${TAR-tar}'
AM_BACKSLASH='\'
AM_DEFAULT_V='$(AM_DEFAULT_VERBOSITY)'
AM_DEFAULT_VERBOSITY='0'
AM_V='$(V)'
AR=''
AS='as'
AUTOCONF='${SHELL} /Users/Eric/Downloads/ndk_speexdsp/jni/speexdsp-1.2rc3/missing autoconf'
AUTOHEADER='${SHELL} /Users/Eric/Downloads/ndk_speexdsp/jni/speexdsp-1.2rc3/missing autoheader'
AUTOMAKE='${SHELL} /Users/Eric/Downloads/ndk_speexdsp/jni/speexdsp-1.2rc3/missing automake-1.14'
AWK='awk'
BUILD_EXAMPLES_FALSE=''
BUILD_EXAMPLES_TRUE=''
BUILD_KISS_FFT_FALSE=''
BUILD_KISS_FFT_TRUE=''
BUILD_SMALLFT_FALSE=''
BUILD_SMALLFT_TRUE=''
CC='/Users/Eric/Library/Android/android-ndk/toolchains/arm-linux-androideabi-4.8/prebuilt/darwin-x86_64/bin/arm-linux-androideabi-gcc'
CCDEPMODE=''
CFLAGS=''
CPP=''
CPPFLAGS=''
CYGPATH_W='echo'
DEFS=''
DEPDIR='.deps'
DLLTOOL='dlltool'
DSYMUTIL=''
DUMPBIN=''
ECHO_C='\c'
ECHO_N=''
ECHO_T=''
EGREP=''
EXEEXT=''
FFT_CFLAGS=''
FFT_LIBS=''
FFT_PKGCONFIG=''
FGREP=''
GREP=''
INSTALL_DATA='${INSTALL} -m 644'
INSTALL_PROGRAM='${INSTALL}'
INSTALL_SCRIPT='${INSTALL}'
INSTALL_STRIP_PROGRAM='$(install_sh) -c -s'
LD=''
LDFLAGS=''
LIBM=''
LIBOBJS=''
LIBS=''
LIBTOOL=''
LIPO=''
LN_S=''
LTLIBOBJS=''
MAINT=''
MAINTAINER_MODE_FALSE='#'
MAINTAINER_MODE_TRUE=''
MAKEINFO='${SHELL} /Users/Eric/Downloads/ndk_speexdsp/jni/speexdsp-1.2rc3/missing makeinfo'
MANIFEST_TOOL=''
MKDIR_P='./install-sh -c -d'
NM=''
NMEDIT=''
OBJDUMP='objdump'
OBJEXT=''
OTOOL64=''
OTOOL=''
PACKAGE='speexdsp'
PACKAGE_BUGREPORT='speex-dev@xiph.org'
PACKAGE_NAME='speexdsp'
PACKAGE_STRING='speexdsp 1.2rc3'
PACKAGE_TARNAME='speexdsp'
PACKAGE_URL=''
PACKAGE_VERSION='1.2rc3'
PATH_SEPARATOR=':'
PKG_CONFIG=''
PKG_CONFIG_LIBDIR=''
PKG_CONFIG_PATH=''
RANLIB=''
SED=''
SET_MAKE=''
SHELL='/bin/sh'
SIZE16=''
SIZE32=''
SPEEXDSP_LT_AGE='5'
SPEEXDSP_LT_CURRENT='6'
SPEEXDSP_LT_REVISION='0'
STRIP=''
USIZE16=''
USIZE32=''
VERSION='1.2rc3'
ac_ct_AR=''
ac_ct_CC='/Users/Eric/Library/Android/android-ndk/toolchains/arm-linux-androideabi-4.8/prebuilt/darwin-x86_64/bin/arm-linux-androideabi-gcc'
ac_ct_DUMPBIN=''
am__EXEEXT_FALSE=''
am__EXEEXT_TRUE=''
am__fastdepCC_FALSE=''
am__fastdepCC_TRUE=''
am__include='include'
am__isrc=''
am__leading_dot='.'
am__nodep='_no'
am__quote=''
am__tar='$${TAR-tar} chof - "$$tardir"'
am__untar='$${TAR-tar} xf -'
bindir='${exec_prefix}/bin'
build='x86_64-apple-darwin15.2.0'
build_alias=''
build_cpu='x86_64'
build_os='darwin15.2.0'
build_vendor='apple'
datadir='${datarootdir}'
datarootdir='${prefix}/share'
docdir='${datarootdir}/doc/${PACKAGE_TARNAME}'
dvidir='${docdir}'
exec_prefix='NONE'
host='x86_64-apple-darwin15.2.0'
host_alias=''
host_cpu='x86_64'
host_os='darwin15.2.0'
host_vendor='apple'
htmldir='${docdir}'
includedir='${prefix}/include'
infodir='${datarootdir}/info'
install_sh='${SHELL} /Users/Eric/Downloads/ndk_speexdsp/jni/speexdsp-1.2rc3/install-sh'
libdir='${exec_prefix}/lib'
libexecdir='${exec_prefix}/libexec'
localedir='${datarootdir}/locale'
localstatedir='${prefix}/var'
mandir='${datarootdir}/man'
mkdir_p='$(MKDIR_P)'
oldincludedir='/usr/include'
pdfdir='${docdir}'
prefix='NONE'
program_transform_name='s,x,x,'
psdir='${docdir}'
sbindir='${exec_prefix}/sbin'
sharedstatedir='${prefix}/com'
src=''
sysconfdir='${prefix}/etc'
target_alias=''

## ----------- ##
## confdefs.h. ##
## ----------- ##

/* confdefs.h */
#define PACKAGE_NAME "speexdsp"
#define PACKAGE_TARNAME "speexdsp"
#define PACKAGE_VERSION "1.2rc3"
#define PACKAGE_STRING "speexdsp 1.2rc3"
#define PACKAGE_BUGREPORT "speex-dev@xiph.org"
#define PACKAGE_URL ""

configure: exit 77
